Error 2021-08-22 01:43:17: Exception while attempting zmq : [Error: /snap/core/current/usr/lib/x86_64-linux-gnu/libstdc++.so.6: version `GLIBCXX_3.4.22' not found (required by /root/.vscode/extensions/ms-toolsai.jupyter-2021.8.1236758218/out/client/node_modules/zeromq/prebuilds/linux-x64/electron.napi.glibc.node)
	at process.func [as dlopen] (electron/js2c/asar_bundle.js:5:1846)
	at Object.Module._extensions..node (internal/modules/cjs/loader.js:1185:18)
	at Object.func [as .node] (electron/js2c/asar_bundle.js:5:1846)
	at Module.load (internal/modules/cjs/loader.js:982:32)
	at Module._load (internal/modules/cjs/loader.js:823:14)
	at Function.f._load (electron/js2c/asar_bundle.js:5:12913)
	at Function.n._load (/snap/code/72/usr/share/code/resources/app/out/vs/workbench/services/extensions/node/extensionHostProcess.js:104:28060)
	at Function.P._load (/snap/code/72/usr/share/code/resources/app/out/vs/workbench/services/extensions/node/extensionHostProcess.js:104:24648)
	at Function.l._load (/snap/code/72/usr/share/code/resources/app/out/vs/workbench/services/extensions/node/extensionHostProcess.js:94:59608)
	at Module.require (internal/modules/cjs/loader.js:1006:19)
	at v (/snap/code/72/usr/share/code/resources/app/out/vs/loader.js:4:698)
	at load (/root/.vscode/extensions/ms-toolsai.jupyter-2021.8.1236758218/out/client/node_modules/node-gyp-build/index.js:21:10)
	at Object.<anonymous> (/root/.vscode/extensions/ms-toolsai.jupyter-2021.8.1236758218/out/client/node_modules/zeromq/lib/native.js:6:43)
	at Module.u._compile (/snap/code/72/usr/share/code/resources/app/out/vs/loader.js:4:1315)
	at Object.Module._extensions..js (internal/modules/cjs/loader.js:1155:10)
	at Module.load (internal/modules/cjs/loader.js:982:32)
	at Module._load (internal/modules/cjs/loader.js:823:14)
	at Function.f._load (electron/js2c/asar_bundle.js:5:12913)
	at Function.n._load (/snap/code/72/usr/share/code/resources/app/out/vs/workbench/services/extensions/node/extensionHostProcess.js:104:28060)
	at Function.P._load (/snap/code/72/usr/share/code/resources/app/out/vs/workbench/services/extensions/node/extensionHostProcess.js:104:24648)
	at Function.l._load (/snap/code/72/usr/share/code/resources/app/out/vs/workbench/services/extensions/node/extensionHostProcess.js:94:59608)
	at Module.require (internal/modules/cjs/loader.js:1006:19)
	at v (/snap/code/72/usr/share/code/resources/app/out/vs/loader.js:4:698)
	at Object.<anonymous> (/root/.vscode/extensions/ms-toolsai.jupyter-2021.8.1236758218/out/client/node_modules/zeromq/lib/index.js:3:16)
	at Module.u._compile (/snap/code/72/usr/share/code/resources/app/out/vs/loader.js:4:1315)
	at Object.Module._extensions..js (internal/modules/cjs/loader.js:1155:10)
	at Module.load (internal/modules/cjs/loader.js:982:32)
	at Module._load (internal/modules/cjs/loader.js:823:14)
	at Function.f._load (electron/js2c/asar_bundle.js:5:12913)
	at Function.n._load (/snap/code/72/usr/share/code/resources/app/out/vs/workbench/services/extensions/node/extensionHostProcess.js:104:28060)
	at Function.P._load (/snap/code/72/usr/share/code/resources/app/out/vs/workbench/services/extensions/node/extensionHostProcess.js:104:24648)
	at Function.l._load (/snap/code/72/usr/share/code/resources/app/out/vs/workbench/services/extensions/node/extensionHostProcess.js:94:59608)
	at Module.require (internal/modules/cjs/loader.js:1006:19)
	at v (/snap/code/72/usr/share/code/resources/app/out/vs/loader.js:4:698)
	at Object.<anonymous> (/root/.vscode/extensions/ms-toolsai.jupyter-2021.8.1236758218/out/client/extension.js:37:305214)
	at n (/root/.vscode/extensions/ms-toolsai.jupyter-2021.8.1236758218/out/client/extension.js:1:186)
	at d.zmqSupported (/root/.vscode/extensions/ms-toolsai.jupyter-2021.8.1236758218/out/client/extension.js:90:456502)
	at d.isSupportedForLocalLaunch (/root/.vscode/extensions/ms-toolsai.jupyter-2021.8.1236758218/out/client/extension.js:90:456152)
	at d.supported (/root/.vscode/extensions/ms-toolsai.jupyter-2021.8.1236758218/out/client/extension.js:90:456062)
	at Object.t.registerTypes (/root/.vscode/extensions/ms-toolsai.jupyter-2021.8.1236758218/out/client/extension.js:52:811447)
	at /root/.vscode/extensions/ms-toolsai.jupyter-2021.8.1236758218/out/client/extension.js:52:245984
	at processTicksAndRejections (internal/process/task_queues.js:93:5)
	at async /root/.vscode/extensions/ms-toolsai.jupyter-2021.8.1236758218/out/client/extension.js:37:848047
	at async t.activate (/root/.vscode/extensions/ms-toolsai.jupyter-2021.8.1236758218/out/client/extension.js:37:847734)
	at async Promise.all (index 0)
	at async v.$activate (/snap/code/72/usr/share/code/resources/app/out/vs/workbench/services/extensions/node/extensionHostProcess.js:90:20144)]
Info 2021-08-22 01:43:17: id is cd59e7fa-df2e-475f-ab83-5cc5d22a8f14
Error 2021-08-22 01:43:18: Jupyter Extension (Error in Failed to update settings.json, method:fixSettingsFile): [EntryNotFound (FileSystemError): Unable to read file '/root/.config/Code/User/settings.json' (Error: Unable to resolve non-existing file '/root/.config/Code/User/settings.json')
	at _handleError (/snap/code/72/usr/share/code/resources/app/out/vs/workbench/services/extensions/node/extensionHostProcess.js:85:158459)
	at processTicksAndRejections (internal/process/task_queues.js:93:5)
	at async m.readFile (/root/.vscode/extensions/ms-toolsai.jupyter-2021.8.1236758218/out/client/extension.js:90:560205)
	at async g.fixSettingsFile (/root/.vscode/extensions/ms-toolsai.jupyter-2021.8.1236758218/out/client/extension.js:52:281266)
	at async Promise.all (index 0)
	at async g.updateSettings (/root/.vscode/extensions/ms-toolsai.jupyter-2021.8.1236758218/out/client/extension.js:52:282986)] {
  code: 'FileNotFound'
}
