Validating found git in: git
Using git 2.25.1 from git
> git rev-parse --git-dir
Open repository: /home/waterbulcagmailcom/Work/crypto_server
> git status -z -u
> git symbolic-ref --short HEAD
> git for-each-ref --format=%(refname)%00%(upstream:short)%00%(objectname)%00%(upstream:track) refs/heads/main refs/remotes/main
> git check-ignore -v -z --stdin
> git for-each-ref --sort -committerdate --format %(refname) %(objectname) %(*objectname)
> git remote --verbose
Warning: Failed to watch ref '/home/waterbulcagmailcom/Work/crypto_server/.git/refs/remotes/origin/main', is most likely packed.
> git config --get commit.template
> git check-ignore -v -z --stdin
> git check-ignore -v -z --stdin
> git show --textconv :test_scripts/populate_for_debug.py
> git ls-files --stage -- /home/waterbulcagmailcom/Work/crypto_server/test_scripts/populate_for_debug.py
> git check-ignore -v -z --stdin
> git check-ignore -v -z --stdin
> git show --textconv :services/currency_tracker.go
> git ls-files --stage -- /home/waterbulcagmailcom/Work/crypto_server/services/currency_tracker.go
> git cat-file -s cfb517fb9a44a36c4cd82655951035502ac5923e
> git status -z -u
> git symbolic-ref --short HEAD
> git for-each-ref --format=%(refname)%00%(upstream:short)%00%(objectname)%00%(upstream:track) refs/heads/main refs/remotes/main
> git for-each-ref --sort -committerdate --format %(refname) %(objectname) %(*objectname)
> git remote --verbose
Warning: Failed to watch ref '/home/waterbulcagmailcom/Work/crypto_server/.git/refs/remotes/origin/main', is most likely packed.
> git config --get commit.template
> git status -z -u
> git symbolic-ref --short HEAD
> git for-each-ref --format=%(refname)%00%(upstream:short)%00%(objectname)%00%(upstream:track) refs/heads/main refs/remotes/main
> git for-each-ref --sort -committerdate --format %(refname) %(objectname) %(*objectname)
> git remote --verbose
Warning: Failed to watch ref '/home/waterbulcagmailcom/Work/crypto_server/.git/refs/remotes/origin/main', is most likely packed.
> git config --get commit.template
> git status -z -u
> git symbolic-ref --short HEAD
> git for-each-ref --format=%(refname)%00%(upstream:short)%00%(objectname)%00%(upstream:track) refs/heads/main refs/remotes/main
> git for-each-ref --sort -committerdate --format %(refname) %(objectname) %(*objectname)
> git remote --verbose
Warning: Failed to watch ref '/home/waterbulcagmailcom/Work/crypto_server/.git/refs/remotes/origin/main', is most likely packed.
> git config --get commit.template
> git status -z -u
> git symbolic-ref --short HEAD
> git for-each-ref --format=%(refname)%00%(upstream:short)%00%(objectname)%00%(upstream:track) refs/heads/main refs/remotes/main
> git for-each-ref --sort -committerdate --format %(refname) %(objectname) %(*objectname)
> git remote --verbose
Warning: Failed to watch ref '/home/waterbulcagmailcom/Work/crypto_server/.git/refs/remotes/origin/main', is most likely packed.
> git config --get commit.template
> git check-ignore -v -z --stdin
> git show --textconv :services/currency_tracker.go
> git ls-files --stage -- /home/waterbulcagmailcom/Work/crypto_server/services/currency_tracker.go
> git cat-file -s cfb517fb9a44a36c4cd82655951035502ac5923e
> git status -z -u
> git symbolic-ref --short HEAD
> git for-each-ref --format=%(refname)%00%(upstream:short)%00%(objectname)%00%(upstream:track) refs/heads/main refs/remotes/main
> git for-each-ref --sort -committerdate --format %(refname) %(objectname) %(*objectname)
> git remote --verbose
Warning: Failed to watch ref '/home/waterbulcagmailcom/Work/crypto_server/.git/refs/remotes/origin/main', is most likely packed.
> git config --get commit.template
> git show --textconv :test_scripts/populate_for_debug.py
> git ls-files --stage -- /home/waterbulcagmailcom/Work/crypto_server/test_scripts/populate_for_debug.py
> git status -z -u
> git symbolic-ref --short HEAD
> git for-each-ref --format=%(refname)%00%(upstream:short)%00%(objectname)%00%(upstream:track) refs/heads/main refs/remotes/main
> git for-each-ref --sort -committerdate --format %(refname) %(objectname) %(*objectname)
> git remote --verbose
Warning: Failed to watch ref '/home/waterbulcagmailcom/Work/crypto_server/.git/refs/remotes/origin/main', is most likely packed.
> git config --get commit.template
> git check-ignore -v -z --stdin
> git check-ignore -v -z --stdin
> git show --textconv :models/data_item.go
> git ls-files --stage -- /home/waterbulcagmailcom/Work/crypto_server/models/data_item.go
> git cat-file -s c675d9f171880f1845fe8491946b3269f4085ed2
> git show --textconv :models/data.go
> git ls-files --stage -- /home/waterbulcagmailcom/Work/crypto_server/models/data.go
> git cat-file -s 6492b52c4a0647befa6920440305542c3fe17c17
> git status -z -u
> git symbolic-ref --short HEAD
> git for-each-ref --format=%(refname)%00%(upstream:short)%00%(objectname)%00%(upstream:track) refs/heads/main refs/remotes/main
> git for-each-ref --sort -committerdate --format %(refname) %(objectname) %(*objectname)
> git remote --verbose
Warning: Failed to watch ref '/home/waterbulcagmailcom/Work/crypto_server/.git/refs/remotes/origin/main', is most likely packed.
> git config --get commit.template
> git status -z -u
> git symbolic-ref --short HEAD
> git for-each-ref --format=%(refname)%00%(upstream:short)%00%(objectname)%00%(upstream:track) refs/heads/main refs/remotes/main
> git for-each-ref --sort -committerdate --format %(refname) %(objectname) %(*objectname)
> git remote --verbose
Warning: Failed to watch ref '/home/waterbulcagmailcom/Work/crypto_server/.git/refs/remotes/origin/main', is most likely packed.
> git config --get commit.template
> git status -z -u
> git symbolic-ref --short HEAD
> git for-each-ref --format=%(refname)%00%(upstream:short)%00%(objectname)%00%(upstream:track) refs/heads/main refs/remotes/main
> git for-each-ref --sort -committerdate --format %(refname) %(objectname) %(*objectname)
> git remote --verbose
Warning: Failed to watch ref '/home/waterbulcagmailcom/Work/crypto_server/.git/refs/remotes/origin/main', is most likely packed.
> git config --get commit.template
> git show --textconv :main.go
> git ls-files --stage -- /home/waterbulcagmailcom/Work/crypto_server/main.go
> git cat-file -s 7e5d58cbe2c513dfc19ae862eec764aba55380ad
> git show --textconv :test_scripts/populate_for_debug.py
> git ls-files --stage -- /home/waterbulcagmailcom/Work/crypto_server/test_scripts/populate_for_debug.py
> git show --textconv :services/currency_tracker.go
> git ls-files --stage -- /home/waterbulcagmailcom/Work/crypto_server/services/currency_tracker.go
> git cat-file -s cfb517fb9a44a36c4cd82655951035502ac5923e
> git status -z -u
> git symbolic-ref --short HEAD
> git for-each-ref --format=%(refname)%00%(upstream:short)%00%(objectname)%00%(upstream:track) refs/heads/main refs/remotes/main
> git for-each-ref --sort -committerdate --format %(refname) %(objectname) %(*objectname)
> git remote --verbose
Warning: Failed to watch ref '/home/waterbulcagmailcom/Work/crypto_server/.git/refs/remotes/origin/main', is most likely packed.
> git config --get commit.template
> git status -z -u
> git symbolic-ref --short HEAD
> git for-each-ref --format=%(refname)%00%(upstream:short)%00%(objectname)%00%(upstream:track) refs/heads/main refs/remotes/main
> git for-each-ref --sort -committerdate --format %(refname) %(objectname) %(*objectname)
> git remote --verbose
Warning: Failed to watch ref '/home/waterbulcagmailcom/Work/crypto_server/.git/refs/remotes/origin/main', is most likely packed.
> git config --get commit.template
> git status -z -u
> git symbolic-ref --short HEAD
> git for-each-ref --format=%(refname)%00%(upstream:short)%00%(objectname)%00%(upstream:track) refs/heads/main refs/remotes/main
> git for-each-ref --sort -committerdate --format %(refname) %(objectname) %(*objectname)
> git remote --verbose
Warning: Failed to watch ref '/home/waterbulcagmailcom/Work/crypto_server/.git/refs/remotes/origin/main', is most likely packed.
> git config --get commit.template
> git status -z -u
> git symbolic-ref --short HEAD
> git for-each-ref --format=%(refname)%00%(upstream:short)%00%(objectname)%00%(upstream:track) refs/heads/main refs/remotes/main
> git for-each-ref --sort -committerdate --format %(refname) %(objectname) %(*objectname)
> git remote --verbose
Warning: Failed to watch ref '/home/waterbulcagmailcom/Work/crypto_server/.git/refs/remotes/origin/main', is most likely packed.
> git config --get commit.template
> git status -z -u
> git symbolic-ref --short HEAD
> git for-each-ref --format=%(refname)%00%(upstream:short)%00%(objectname)%00%(upstream:track) refs/heads/main refs/remotes/main
> git for-each-ref --sort -committerdate --format %(refname) %(objectname) %(*objectname)
> git remote --verbose
Warning: Failed to watch ref '/home/waterbulcagmailcom/Work/crypto_server/.git/refs/remotes/origin/main', is most likely packed.
> git config --get commit.template
> git status -z -u
> git symbolic-ref --short HEAD
> git for-each-ref --format=%(refname)%00%(upstream:short)%00%(objectname)%00%(upstream:track) refs/heads/main refs/remotes/main
> git for-each-ref --sort -committerdate --format %(refname) %(objectname) %(*objectname)
> git remote --verbose
Warning: Failed to watch ref '/home/waterbulcagmailcom/Work/crypto_server/.git/refs/remotes/origin/main', is most likely packed.
> git config --get commit.template
